<?xml version="1.0" encoding="UTF-8"?>
<testng-results skipped="0" failed="0" ignored="0" total="1" passed="1">
  <reporter-output>
  </reporter-output>
  <suite name="Default suite" duration-ms="40882" started-at="2021-09-19T11:54:38Z" finished-at="2021-09-19T11:55:19Z">
    <groups>
    </groups>
    <test name="Default test" duration-ms="40882" started-at="2021-09-19T11:54:38Z" finished-at="2021-09-19T11:55:19Z">
      <class name="com.DataDriven.Test.DataDrivenTest">
        <test-method status="PASS" signature="setup()[pri:0, instance:com.DataDriven.Test.DataDrivenTest@d2cc05a]" name="setup" is-config="true" duration-ms="37155" started-at="2021-09-19T17:24:39Z" finished-at="2021-09-19T17:25:17Z">
          <reporter-output>
          </reporter-output>
        </test-method> <!-- setup -->
        <test-method status="PASS" signature="loginpage(java.lang.String, java.lang.String, java.lang.String, java.lang.String)[pri:0, instance:com.DataDriven.Test.DataDrivenTest@d2cc05a]" name="loginpage" duration-ms="508" started-at="2021-09-19T17:25:17Z" data-provider="gettestdata" finished-at="2021-09-19T17:25:17Z">
          <params>
            <param index="0">
              <value>
                <![CDATA[peter]]>
              </value>
            </param>
            <param index="1">
              <value>
                <![CDATA[tom]]>
              </value>
            </param>
            <param index="2">
              <value>
                <![CDATA[jtopem]]>
              </value>
            </param>
            <param index="3">
              <value>
                <![CDATA[abc123]]>
              </value>
            </param>
          </params>
          <reporter-output>
          </reporter-output>
        </test-method> <!-- loginpage -->
        <test-method status="PASS" signature="teardown()[pri:0, instance:com.DataDriven.Test.DataDrivenTest@d2cc05a]" name="teardown" is-config="true" duration-ms="1456" started-at="2021-09-19T17:25:17Z" finished-at="2021-09-19T17:25:19Z">
          <reporter-output>
          </reporter-output>
        </test-method> <!-- teardown -->
      </class> <!-- com.DataDriven.Test.DataDrivenTest -->
    </test> <!-- Default test -->
  </suite> <!-- Default suite -->
</testng-results>
